<?xml version="1.0" encoding="UTF-8"?>
<!-- Generated by org.testng.reporters.JUnitXMLReporter -->
<testsuite ignored="0" hostname="Ptpl-Wk-057" failures="0" tests="22" name="Default test" time="246.766" errors="0" timestamp="2024-08-06T09:53:10 IST">
  <testcase classname="main_suites.RestAssuredlog4j" name="TC001_TestActivateService" time="66.106"/>
  <testcase classname="main_suites.RestAssuredlog4j" name="TC002_ParentTableAsABatchInitial" time="7.72"/>
  <testcase classname="main_suites.RestAssuredlog4j" name="TC003_ValidateTableCountsForInitial" time="0.028"/>
  <testcase classname="main_suites.RestAssuredlog4j" name="TC004_ValidateInitialMaxMinRecordID" time="0.037"/>
  <testcase classname="main_suites.RestAssuredlog4j" name="TC005_ValidateInitialMaxMinNSPKey" time="0.006"/>
  <testcase classname="main_suites.RestAssuredlog4j" name="TC006_CheckInitialDuplicateNSPKeys" time="0.006"/>
  <testcase classname="main_suites.RestAssuredlog4j" name="TC007_CheckInitialDuplicateRecordIDs" time="0.006"/>
  <testcase classname="main_suites.RestAssuredlog4j" name="TC008_CheckInitialDuplicateCustUnqIDs" time="0.005"/>
  <testcase classname="main_suites.RestAssuredlog4j" name="TC009_GetExistingAsABatchInitial" time="64.381"/>
  <testcase classname="main_suites.RestAssuredlog4j" name="TC010_ParentTableAsABatchIncremental" time="10.224"/>
  <testcase classname="main_suites.RestAssuredlog4j" name="TC011_ValidateTableCountsForIncremental" time="0.032"/>
  <testcase classname="main_suites.RestAssuredlog4j" name="TC012_ValidateIncrementalMaxMinNSPKey" time="0.005"/>
  <testcase classname="main_suites.RestAssuredlog4j" name="TC013_CheckIncrementalDuplicateNSPKeys" time="0.005"/>
  <testcase classname="main_suites.RestAssuredlog4j" name="TC014_CheckIncrementalDuplicateRecordIDs" time="0.007"/>
  <testcase classname="main_suites.RestAssuredlog4j" name="TC015_CheckIncrementalDuplicateCustUnqIDs" time="0.003"/>
  <testcase classname="main_suites.RestAssuredlog4j" name="TC016_GetExistingAsABatchIncremental" time="32.654"/>
  <testcase classname="main_suites.RestAssuredlog4j" name="TC017_getAddTargetNewOrUpdate" time="13.424"/>
  <testcase classname="main_suites.RestAssuredlog4j" name="TC018_GetExistingAsABatchAddTarget" time="26.314"/>
  <testcase classname="main_suites.RestAssuredlog4j" name="TC019_CheckIncrementalUpdates" time="4.191"/>
  <testcase classname="main_suites.RestAssuredlog4j" name="TC020_CheckIncrementalDeletes" time="4.144"/>
  <testcase classname="main_suites.RestAssuredlog4j" name="TC021_CheckUpdates_Deletes" time="8.315"/>
  <testcase classname="main_suites.RestAssuredlog4j" name="TC022_CheckUpdates_Deletes_NewInserts" time="8.348"/>
</testsuite> <!-- Default test -->
