<?xml version="1.0" encoding="UTF-8"?>
<testng-results ignored="0" total="22" passed="22" failed="0" skipped="0">
  <reporter-output>
  </reporter-output>
  <suite started-at="2024-08-06T09:49:03 IST" name="Default suite" finished-at="2024-08-06T09:53:10 IST" duration-ms="246766">
    <groups>
    </groups>
    <test started-at="2024-08-06T09:49:03 IST" name="Default test" finished-at="2024-08-06T09:53:10 IST" duration-ms="246766">
      <class name="main_suites.RestAssuredlog4j">
        <test-method is-config="true" signature="setup()[pri:0, instance:main_suites.RestAssuredlog4j@680bddf5]" started-at="2024-08-06T09:49:03 IST" name="setup" finished-at="2024-08-06T09:49:04 IST" duration-ms="505" status="PASS">
          <reporter-output>
          </reporter-output>
        </test-method> <!-- setup -->
        <test-method signature="TC001_TestActivateService()[pri:1, instance:main_suites.RestAssuredlog4j@680bddf5]" started-at="2024-08-06T09:49:04 IST" name="TC001_TestActivateService" finished-at="2024-08-06T09:50:10 IST" duration-ms="66106" status="PASS">
          <reporter-output>
          </reporter-output>
        </test-method> <!-- TC001_TestActivateService -->
        <test-method signature="TC002_ParentTableAsABatchInitial()[pri:2, instance:main_suites.RestAssuredlog4j@680bddf5]" started-at="2024-08-06T09:50:10 IST" name="TC002_ParentTableAsABatchInitial" finished-at="2024-08-06T09:50:18 IST" duration-ms="7720" status="PASS">
          <reporter-output>
          </reporter-output>
        </test-method> <!-- TC002_ParentTableAsABatchInitial -->
        <test-method signature="TC003_ValidateTableCountsForInitial()[pri:3, instance:main_suites.RestAssuredlog4j@680bddf5]" started-at="2024-08-06T09:50:18 IST" name="TC003_ValidateTableCountsForInitial" finished-at="2024-08-06T09:50:18 IST" duration-ms="28" status="PASS">
          <reporter-output>
          </reporter-output>
        </test-method> <!-- TC003_ValidateTableCountsForInitial -->
        <test-method signature="TC004_ValidateInitialMaxMinRecordID()[pri:4, instance:main_suites.RestAssuredlog4j@680bddf5]" started-at="2024-08-06T09:50:18 IST" name="TC004_ValidateInitialMaxMinRecordID" finished-at="2024-08-06T09:50:18 IST" duration-ms="37" status="PASS">
          <reporter-output>
          </reporter-output>
        </test-method> <!-- TC004_ValidateInitialMaxMinRecordID -->
        <test-method signature="TC005_ValidateInitialMaxMinNSPKey()[pri:5, instance:main_suites.RestAssuredlog4j@680bddf5]" started-at="2024-08-06T09:50:18 IST" name="TC005_ValidateInitialMaxMinNSPKey" finished-at="2024-08-06T09:50:18 IST" duration-ms="6" status="PASS">
          <reporter-output>
          </reporter-output>
        </test-method> <!-- TC005_ValidateInitialMaxMinNSPKey -->
        <test-method signature="TC006_CheckInitialDuplicateNSPKeys()[pri:6, instance:main_suites.RestAssuredlog4j@680bddf5]" started-at="2024-08-06T09:50:18 IST" name="TC006_CheckInitialDuplicateNSPKeys" finished-at="2024-08-06T09:50:18 IST" duration-ms="6" status="PASS">
          <reporter-output>
          </reporter-output>
        </test-method> <!-- TC006_CheckInitialDuplicateNSPKeys -->
        <test-method signature="TC007_CheckInitialDuplicateRecordIDs()[pri:7, instance:main_suites.RestAssuredlog4j@680bddf5]" started-at="2024-08-06T09:50:18 IST" name="TC007_CheckInitialDuplicateRecordIDs" finished-at="2024-08-06T09:50:18 IST" duration-ms="6" status="PASS">
          <reporter-output>
          </reporter-output>
        </test-method> <!-- TC007_CheckInitialDuplicateRecordIDs -->
        <test-method signature="TC008_CheckInitialDuplicateCustUnqIDs()[pri:8, instance:main_suites.RestAssuredlog4j@680bddf5]" started-at="2024-08-06T09:50:18 IST" name="TC008_CheckInitialDuplicateCustUnqIDs" finished-at="2024-08-06T09:50:18 IST" duration-ms="5" status="PASS">
          <reporter-output>
          </reporter-output>
        </test-method> <!-- TC008_CheckInitialDuplicateCustUnqIDs -->
        <test-method signature="TC009_GetExistingAsABatchInitial()[pri:9, instance:main_suites.RestAssuredlog4j@680bddf5]" started-at="2024-08-06T09:50:18 IST" name="TC009_GetExistingAsABatchInitial" finished-at="2024-08-06T09:51:22 IST" duration-ms="64381" status="PASS">
          <reporter-output>
          </reporter-output>
        </test-method> <!-- TC009_GetExistingAsABatchInitial -->
        <test-method signature="TC010_ParentTableAsABatchIncremental()[pri:10, instance:main_suites.RestAssuredlog4j@680bddf5]" started-at="2024-08-06T09:51:22 IST" name="TC010_ParentTableAsABatchIncremental" finished-at="2024-08-06T09:51:32 IST" duration-ms="10224" status="PASS">
          <reporter-output>
          </reporter-output>
        </test-method> <!-- TC010_ParentTableAsABatchIncremental -->
        <test-method signature="TC011_ValidateTableCountsForIncremental()[pri:11, instance:main_suites.RestAssuredlog4j@680bddf5]" started-at="2024-08-06T09:51:33 IST" name="TC011_ValidateTableCountsForIncremental" finished-at="2024-08-06T09:51:33 IST" duration-ms="32" status="PASS">
          <reporter-output>
          </reporter-output>
        </test-method> <!-- TC011_ValidateTableCountsForIncremental -->
        <test-method signature="TC012_ValidateIncrementalMaxMinNSPKey()[pri:12, instance:main_suites.RestAssuredlog4j@680bddf5]" started-at="2024-08-06T09:51:33 IST" name="TC012_ValidateIncrementalMaxMinNSPKey" finished-at="2024-08-06T09:51:33 IST" duration-ms="5" status="PASS">
          <reporter-output>
          </reporter-output>
        </test-method> <!-- TC012_ValidateIncrementalMaxMinNSPKey -->
        <test-method signature="TC013_CheckIncrementalDuplicateNSPKeys()[pri:13, instance:main_suites.RestAssuredlog4j@680bddf5]" started-at="2024-08-06T09:51:33 IST" name="TC013_CheckIncrementalDuplicateNSPKeys" finished-at="2024-08-06T09:51:33 IST" duration-ms="5" status="PASS">
          <reporter-output>
          </reporter-output>
        </test-method> <!-- TC013_CheckIncrementalDuplicateNSPKeys -->
        <test-method signature="TC014_CheckIncrementalDuplicateRecordIDs()[pri:14, instance:main_suites.RestAssuredlog4j@680bddf5]" started-at="2024-08-06T09:51:33 IST" name="TC014_CheckIncrementalDuplicateRecordIDs" finished-at="2024-08-06T09:51:33 IST" duration-ms="7" status="PASS">
          <reporter-output>
          </reporter-output>
        </test-method> <!-- TC014_CheckIncrementalDuplicateRecordIDs -->
        <test-method signature="TC015_CheckIncrementalDuplicateCustUnqIDs()[pri:15, instance:main_suites.RestAssuredlog4j@680bddf5]" started-at="2024-08-06T09:51:33 IST" name="TC015_CheckIncrementalDuplicateCustUnqIDs" finished-at="2024-08-06T09:51:33 IST" duration-ms="3" status="PASS">
          <reporter-output>
          </reporter-output>
        </test-method> <!-- TC015_CheckIncrementalDuplicateCustUnqIDs -->
        <test-method signature="TC016_GetExistingAsABatchIncremental()[pri:16, instance:main_suites.RestAssuredlog4j@680bddf5]" started-at="2024-08-06T09:51:33 IST" name="TC016_GetExistingAsABatchIncremental" finished-at="2024-08-06T09:52:05 IST" duration-ms="32654" status="PASS">
          <reporter-output>
          </reporter-output>
        </test-method> <!-- TC016_GetExistingAsABatchIncremental -->
        <test-method signature="TC017_getAddTargetNewOrUpdate()[pri:17, instance:main_suites.RestAssuredlog4j@680bddf5]" started-at="2024-08-06T09:52:05 IST" name="TC017_getAddTargetNewOrUpdate" finished-at="2024-08-06T09:52:19 IST" duration-ms="13424" status="PASS">
          <reporter-output>
          </reporter-output>
        </test-method> <!-- TC017_getAddTargetNewOrUpdate -->
        <test-method signature="TC018_GetExistingAsABatchAddTarget()[pri:18, instance:main_suites.RestAssuredlog4j@680bddf5]" started-at="2024-08-06T09:52:19 IST" name="TC018_GetExistingAsABatchAddTarget" finished-at="2024-08-06T09:52:45 IST" duration-ms="26314" status="PASS">
          <reporter-output>
          </reporter-output>
        </test-method> <!-- TC018_GetExistingAsABatchAddTarget -->
        <test-method signature="TC019_CheckIncrementalUpdates()[pri:19, instance:main_suites.RestAssuredlog4j@680bddf5]" started-at="2024-08-06T09:52:45 IST" name="TC019_CheckIncrementalUpdates" finished-at="2024-08-06T09:52:49 IST" duration-ms="4191" status="PASS">
          <reporter-output>
          </reporter-output>
        </test-method> <!-- TC019_CheckIncrementalUpdates -->
        <test-method signature="TC020_CheckIncrementalDeletes()[pri:20, instance:main_suites.RestAssuredlog4j@680bddf5]" started-at="2024-08-06T09:52:49 IST" name="TC020_CheckIncrementalDeletes" finished-at="2024-08-06T09:52:53 IST" duration-ms="4144" status="PASS">
          <reporter-output>
          </reporter-output>
        </test-method> <!-- TC020_CheckIncrementalDeletes -->
        <test-method signature="TC021_CheckUpdates_Deletes()[pri:21, instance:main_suites.RestAssuredlog4j@680bddf5]" started-at="2024-08-06T09:52:53 IST" name="TC021_CheckUpdates_Deletes" finished-at="2024-08-06T09:53:02 IST" duration-ms="8315" status="PASS">
          <reporter-output>
          </reporter-output>
        </test-method> <!-- TC021_CheckUpdates_Deletes -->
        <test-method signature="TC022_CheckUpdates_Deletes_NewInserts()[pri:22, instance:main_suites.RestAssuredlog4j@680bddf5]" started-at="2024-08-06T09:53:02 IST" name="TC022_CheckUpdates_Deletes_NewInserts" finished-at="2024-08-06T09:53:10 IST" duration-ms="8348" status="PASS">
          <reporter-output>
          </reporter-output>
        </test-method> <!-- TC022_CheckUpdates_Deletes_NewInserts -->
        <test-method is-config="true" signature="closeApp()[pri:0, instance:main_suites.RestAssuredlog4j@680bddf5]" started-at="2024-08-06T09:53:10 IST" name="closeApp" finished-at="2024-08-06T09:53:10 IST" duration-ms="4" status="PASS">
          <reporter-output>
          </reporter-output>
        </test-method> <!-- closeApp -->
      </class> <!-- main_suites.RestAssuredlog4j -->
    </test> <!-- Default test -->
  </suite> <!-- Default suite -->
</testng-results>
